<?xml version="1.0" encoding="UTF-8"?>
<coverage generated="1654494615580" clover="3.2.0">
  <project timestamp="1654494615581" name="All files">
    <metrics statements="95" coveredstatements="93" conditionals="41" coveredconditionals="33" methods="26" coveredmethods="26" elements="162" coveredelements="152" complexity="0" loc="95" ncloc="95" packages="2" files="6" classes="6"/>
    <package name="src">
      <metrics statements="89" coveredstatements="87" conditionals="41" coveredconditionals="33" methods="26" coveredmethods="26"/>
      <file name="dataLoaderManager.ts" path="/Users/kalleilv/Desktop/sequelize-find-unique/src/dataLoaderManager.ts">
        <metrics statements="17" coveredstatements="17" conditionals="4" coveredconditionals="4" methods="4" coveredmethods="4"/>
        <line num="39" count="9" type="stmt"/>
        <line num="40" count="9" type="cond" truecount="2" falsecount="0"/>
        <line num="43" count="9" type="stmt"/>
        <line num="44" count="18" type="stmt"/>
        <line num="47" count="18" type="stmt"/>
        <line num="49" count="18" type="stmt"/>
        <line num="51" count="18" type="cond" truecount="2" falsecount="0"/>
        <line num="52" count="7" type="stmt"/>
        <line num="55" count="11" type="stmt"/>
        <line num="60" count="11" type="stmt"/>
        <line num="62" count="11" type="stmt"/>
        <line num="63" count="18" type="stmt"/>
        <line num="64" count="18" type="stmt"/>
        <line num="66" count="17" type="stmt"/>
        <line num="68" count="18" type="stmt"/>
        <line num="72" count="11" type="stmt"/>
        <line num="74" count="11" type="stmt"/>
      </file>
      <file name="makeFindUnique.ts" path="/Users/kalleilv/Desktop/sequelize-find-unique/src/makeFindUnique.ts">
        <metrics statements="17" coveredstatements="17" conditionals="6" coveredconditionals="4" methods="5" coveredmethods="5"/>
        <line num="11" count="1" type="stmt"/>
        <line num="12" count="4" type="stmt"/>
        <line num="20" count="1" type="stmt"/>
        <line num="24" count="9" type="cond" truecount="2" falsecount="0"/>
        <line num="25" count="9" type="stmt"/>
        <line num="27" count="9" type="stmt"/>
        <line num="28" count="11" type="stmt"/>
        <line num="30" count="11" type="stmt"/>
        <line num="32" count="11" type="stmt"/>
        <line num="34" count="11" type="stmt"/>
        <line num="40" count="10" type="stmt"/>
        <line num="41" count="17" type="cond" truecount="2" falsecount="2"/>
        <line num="45" count="9" type="stmt"/>
        <line num="49" count="9" type="stmt"/>
        <line num="52" count="18" type="stmt"/>
        <line num="54" count="18" type="stmt"/>
        <line num="57" count="9" type="stmt"/>
      </file>
      <file name="serializeFindUniqueOptions.ts" path="/Users/kalleilv/Desktop/sequelize-find-unique/src/serializeFindUniqueOptions.ts">
        <metrics statements="24" coveredstatements="23" conditionals="12" coveredconditionals="9" methods="7" coveredmethods="7"/>
        <line num="12" count="2" type="stmt"/>
        <line num="14" count="206" type="stmt"/>
        <line num="16" count="6" type="stmt"/>
        <line num="20" count="200" type="cond" truecount="2" falsecount="0"/>
        <line num="23" count="3" type="stmt"/>
        <line num="25" count="3" type="stmt"/>
        <line num="27" count="3" type="stmt"/>
        <line num="28" count="3" type="cond" truecount="1" falsecount="1"/>
        <line num="29" count="0" type="stmt"/>
        <line num="32" count="3" type="stmt"/>
        <line num="35" count="3" type="cond" truecount="1" falsecount="1"/>
        <line num="39" count="3" type="stmt"/>
        <line num="42" count="3" type="stmt"/>
        <line num="47" count="2" type="stmt"/>
        <line num="48" count="406" type="stmt"/>
        <line num="50" count="206" type="cond" truecount="2" falsecount="0"/>
        <line num="51" count="9" type="stmt"/>
        <line num="54" count="197" type="cond" truecount="2" falsecount="0"/>
        <line num="55" count="1" type="stmt"/>
        <line num="58" count="196" type="stmt"/>
        <line num="61" count="2" type="stmt"/>
        <line num="64" count="23" type="stmt"/>
        <line num="66" count="23" type="cond" truecount="1" falsecount="1"/>
        <line num="68" count="23" type="stmt"/>
      </file>
      <file name="serializeWhere.ts" path="/Users/kalleilv/Desktop/sequelize-find-unique/src/serializeWhere.ts">
        <metrics statements="11" coveredstatements="10" conditionals="6" coveredconditionals="5" methods="2" coveredmethods="2"/>
        <line num="6" count="2" type="stmt"/>
        <line num="7" count="20" type="cond" truecount="3" falsecount="1"/>
        <line num="8" count="0" type="stmt"/>
        <line num="11" count="20" type="stmt"/>
        <line num="13" count="20" type="stmt"/>
        <line num="14" count="25" type="cond" truecount="2" falsecount="0"/>
        <line num="15" count="1" type="stmt"/>
        <line num="21" count="19" type="stmt"/>
        <line num="24" count="2" type="stmt"/>
        <line num="25" count="20" type="stmt"/>
        <line num="27" count="19" type="stmt"/>
      </file>
      <file name="utils.ts" path="/Users/kalleilv/Desktop/sequelize-find-unique/src/utils.ts">
        <metrics statements="20" coveredstatements="20" conditionals="13" coveredconditionals="11" methods="8" coveredmethods="8"/>
        <line num="5" count="3" type="stmt"/>
        <line num="7" count="3" type="stmt"/>
        <line num="11" count="17" type="stmt"/>
        <line num="13" count="17" type="stmt"/>
        <line num="14" count="28" type="stmt"/>
        <line num="18" count="3" type="stmt"/>
        <line num="21" count="11" type="stmt"/>
        <line num="23" count="18" type="cond" truecount="1" falsecount="1"/>
        <line num="25" count="11" type="stmt"/>
        <line num="26" count="20" type="stmt"/>
        <line num="28" count="20" type="cond" truecount="2" falsecount="0"/>
        <line num="30" count="20" type="cond" truecount="1" falsecount="1"/>
        <line num="31" count="20" type="stmt"/>
        <line num="35" count="11" type="stmt"/>
        <line num="38" count="3" type="stmt"/>
        <line num="41" count="206" type="cond" truecount="2" falsecount="0"/>
        <line num="44" count="3" type="stmt"/>
        <line num="45" count="3" type="stmt"/>
        <line num="48" count="3" type="stmt"/>
        <line num="49" count="25" type="stmt"/>
      </file>
    </package>
    <package name="src.tests">
      <metrics statements="6" coveredstatements="6" conditionals="0" coveredconditionals="0" methods="0" coveredmethods="0"/>
      <file name="models.ts" path="/Users/kalleilv/Desktop/sequelize-find-unique/src/tests/models.ts">
        <metrics statements="6" coveredstatements="6" conditionals="0" coveredconditionals="0" methods="0" coveredmethods="0"/>
        <line num="13" count="2" type="stmt"/>
        <line num="27" count="2" type="stmt"/>
        <line num="44" count="2" type="stmt"/>
        <line num="62" count="2" type="stmt"/>
        <line num="80" count="2" type="stmt"/>
        <line num="85" count="2" type="stmt"/>
      </file>
    </package>
  </project>
</coverage>
