{"/Users/kalleilv/Desktop/sequelize-find-unique/src/dataLoaderManager.ts": {"path":"/Users/kalleilv/Desktop/sequelize-find-unique/src/dataLoaderManager.ts","statementMap":{"0":{"start":{"line":39,"column":4},"end":{"line":39,"column":35}},"1":{"start":{"line":40,"column":4},"end":{"line":40,"column":45}},"2":{"start":{"line":43,"column":15},"end":{"line":44,"column":33}},"3":{"start":{"line":44,"column":4},"end":{"line":44,"column":33}},"4":{"start":{"line":47,"column":21},"end":{"line":47,"column":56}},"5":{"start":{"line":49,"column":25},"end":{"line":49,"column":49}},"6":{"start":{"line":51,"column":4},"end":{"line":53,"column":5}},"7":{"start":{"line":52,"column":6},"end":{"line":52,"column":26}},"8":{"start":{"line":55,"column":19},"end":{"line":58,"column":6}},"9":{"start":{"line":60,"column":19},"end":{"line":60,"column":30}},"10":{"start":{"line":62,"column":4},"end":{"line":70,"column":6}},"11":{"start":{"line":63,"column":6},"end":{"line":69,"column":7}},"12":{"start":{"line":64,"column":21},"end":{"line":64,"column":54}},"13":{"start":{"line":66,"column":8},"end":{"line":66,"column":20}},"14":{"start":{"line":68,"column":8},"end":{"line":68,"column":36}},"15":{"start":{"line":72,"column":4},"end":{"line":72,"column":37}},"16":{"start":{"line":74,"column":4},"end":{"line":74,"column":18}}},"fnMap":{"0":{"name":"(anonymous_0)","decl":{"start":{"line":35,"column":2},"end":{"line":35,"column":3}},"loc":{"start":{"line":38,"column":4},"end":{"line":41,"column":3}},"line":38},"1":{"name":"(anonymous_1)","decl":{"start":{"line":43,"column":15},"end":{"line":43,"column":16}},"loc":{"start":{"line":44,"column":4},"end":{"line":44,"column":33}},"line":44},"2":{"name":"(anonymous_2)","decl":{"start":{"line":46,"column":2},"end":{"line":46,"column":3}},"loc":{"start":{"line":46,"column":77},"end":{"line":75,"column":3}},"line":46},"3":{"name":"(anonymous_3)","decl":{"start":{"line":62,"column":18},"end":{"line":62,"column":19}},"loc":{"start":{"line":62,"column":64},"end":{"line":70,"column":5}},"line":62}},"branchMap":{"0":{"loc":{"start":{"line":40,"column":17},"end":{"line":40,"column":44}},"type":"binary-expr","locations":[{"start":{"line":40,"column":17},"end":{"line":40,"column":31}},{"start":{"line":40,"column":35},"end":{"line":40,"column":44}}],"line":40},"1":{"loc":{"start":{"line":51,"column":4},"end":{"line":53,"column":5}},"type":"if","locations":[{"start":{"line":51,"column":4},"end":{"line":53,"column":5}},{"start":{},"end":{}}],"line":51}},"s":{"0":9,"1":9,"2":9,"3":18,"4":18,"5":18,"6":18,"7":7,"8":11,"9":11,"10":11,"11":18,"12":18,"13":17,"14":18,"15":11,"16":11},"f":{"0":9,"1":18,"2":18,"3":18},"b":{"0":[9,6],"1":[7,11]},"_coverageSchema":"1a1c01bbd47fc00a2c39e90264f33305004495a9","hash":"1e600d65aabd6444b74a35bb5f10bcab1fa06bc7"}
,"/Users/kalleilv/Desktop/sequelize-find-unique/src/makeFindUnique.ts": {"path":"/Users/kalleilv/Desktop/sequelize-find-unique/src/makeFindUnique.ts","statementMap":{"0":{"start":{"line":11,"column":13},"end":{"line":13,"column":1}},"1":{"start":{"line":12,"column":2},"end":{"line":12,"column":19}},"2":{"start":{"line":20,"column":23},"end":{"line":58,"column":1}},"3":{"start":{"line":24,"column":22},"end":{"line":24,"column":50}},"4":{"start":{"line":25,"column":16},"end":{"line":25,"column":30}},"5":{"start":{"line":27,"column":51},"end":{"line":43,"column":3}},"6":{"start":{"line":28,"column":4},"end":{"line":28,"column":22}},"7":{"start":{"line":30,"column":23},"end":{"line":30,"column":42}},"8":{"start":{"line":32,"column":36},"end":{"line":32,"column":43}},"9":{"start":{"line":34,"column":17},"end":{"line":38,"column":6}},"10":{"start":{"line":40,"column":4},"end":{"line":42,"column":6}},"11":{"start":{"line":41,"column":6},"end":{"line":41,"column":64}},"12":{"start":{"line":45,"column":18},"end":{"line":47,"column":4}},"13":{"start":{"line":49,"column":21},"end":{"line":55,"column":3}},"14":{"start":{"line":52,"column":19},"end":{"line":52,"column":54}},"15":{"start":{"line":54,"column":4},"end":{"line":54,"column":37}},"16":{"start":{"line":57,"column":2},"end":{"line":57,"column":20}}},"fnMap":{"0":{"name":"(anonymous_0)","decl":{"start":{"line":11,"column":13},"end":{"line":11,"column":14}},"loc":{"start":{"line":11,"column":19},"end":{"line":13,"column":1}},"line":11},"1":{"name":"(anonymous_1)","decl":{"start":{"line":20,"column":23},"end":{"line":20,"column":24}},"loc":{"start":{"line":23,"column":5},"end":{"line":58,"column":1}},"line":23},"2":{"name":"(anonymous_2)","decl":{"start":{"line":27,"column":51},"end":{"line":27,"column":52}},"loc":{"start":{"line":27,"column":67},"end":{"line":43,"column":3}},"line":27},"3":{"name":"(anonymous_3)","decl":{"start":{"line":40,"column":20},"end":{"line":40,"column":21}},"loc":{"start":{"line":41,"column":6},"end":{"line":41,"column":64}},"line":41},"4":{"name":"(anonymous_4)","decl":{"start":{"line":49,"column":21},"end":{"line":49,"column":22}},"loc":{"start":{"line":51,"column":34},"end":{"line":55,"column":3}},"line":51}},"branchMap":{"0":{"loc":{"start":{"line":24,"column":22},"end":{"line":24,"column":50}},"type":"binary-expr","locations":[{"start":{"line":24,"column":22},"end":{"line":24,"column":42}},{"start":{"line":24,"column":46},"end":{"line":24,"column":50}}],"line":24},"1":{"loc":{"start":{"line":41,"column":6},"end":{"line":41,"column":64}},"type":"cond-expr","locations":[{"start":{"line":41,"column":18},"end":{"line":41,"column":57}},{"start":{"line":41,"column":60},"end":{"line":41,"column":64}}],"line":41},"2":{"loc":{"start":{"line":41,"column":18},"end":{"line":41,"column":57}},"type":"binary-expr","locations":[{"start":{"line":41,"column":18},"end":{"line":41,"column":49}},{"start":{"line":41,"column":53},"end":{"line":41,"column":57}}],"line":41}},"s":{"0":1,"1":4,"2":1,"3":9,"4":9,"5":9,"6":11,"7":11,"8":11,"9":11,"10":10,"11":17,"12":9,"13":9,"14":18,"15":18,"16":9},"f":{"0":4,"1":9,"2":11,"3":17,"4":18},"b":{"0":[9,4],"1":[17,0],"2":[17,0]},"_coverageSchema":"1a1c01bbd47fc00a2c39e90264f33305004495a9","hash":"962f83b1edb10aee81912945527a85d99452f503"}
,"/Users/kalleilv/Desktop/sequelize-find-unique/src/serializeFindUniqueOptions.ts": {"path":"/Users/kalleilv/Desktop/sequelize-find-unique/src/serializeFindUniqueOptions.ts","statementMap":{"0":{"start":{"line":12,"column":34},"end":{"line":45,"column":1}},"1":{"start":{"line":14,"column":43},"end":{"line":14,"column":71}},"2":{"start":{"line":16,"column":6},"end":{"line":16,"column":61}},"3":{"start":{"line":20,"column":6},"end":{"line":21,"column":52}},"4":{"start":{"line":23,"column":22},"end":{"line":23,"column":57}},"5":{"start":{"line":25,"column":23},"end":{"line":25,"column":44}},"6":{"start":{"line":27,"column":6},"end":{"line":40,"column":7}},"7":{"start":{"line":28,"column":8},"end":{"line":30,"column":9}},"8":{"start":{"line":29,"column":10},"end":{"line":29,"column":79}},"9":{"start":{"line":32,"column":29},"end":{"line":32,"column":46}},"10":{"start":{"line":35,"column":10},"end":{"line":37,"column":26}},"11":{"start":{"line":39,"column":8},"end":{"line":39,"column":42}},"12":{"start":{"line":42,"column":6},"end":{"line":42,"column":17}},"13":{"start":{"line":47,"column":26},"end":{"line":59,"column":1}},"14":{"start":{"line":48,"column":21},"end":{"line":48,"column":69}},"15":{"start":{"line":48,"column":52},"end":{"line":48,"column":68}},"16":{"start":{"line":50,"column":2},"end":{"line":52,"column":3}},"17":{"start":{"line":51,"column":4},"end":{"line":51,"column":44}},"18":{"start":{"line":54,"column":2},"end":{"line":56,"column":3}},"19":{"start":{"line":55,"column":4},"end":{"line":55,"column":79}},"20":{"start":{"line":58,"column":2},"end":{"line":58,"column":15}},"21":{"start":{"line":61,"column":35},"end":{"line":72,"column":1}},"22":{"start":{"line":64,"column":41},"end":{"line":64,"column":48}},"23":{"start":{"line":66,"column":20},"end":{"line":66,"column":51}},"24":{"start":{"line":68,"column":2},"end":{"line":71,"column":4}}},"fnMap":{"0":{"name":"(anonymous_0)","decl":{"start":{"line":14,"column":10},"end":{"line":14,"column":11}},"loc":{"start":{"line":14,"column":43},"end":{"line":14,"column":71}},"line":14},"1":{"name":"(anonymous_1)","decl":{"start":{"line":15,"column":15},"end":{"line":15,"column":16}},"loc":{"start":{"line":16,"column":6},"end":{"line":16,"column":61}},"line":16},"2":{"name":"(anonymous_2)","decl":{"start":{"line":19,"column":10},"end":{"line":19,"column":11}},"loc":{"start":{"line":20,"column":6},"end":{"line":21,"column":52}},"line":20},"3":{"name":"(anonymous_3)","decl":{"start":{"line":22,"column":15},"end":{"line":22,"column":16}},"loc":{"start":{"line":22,"column":48},"end":{"line":43,"column":5}},"line":22},"4":{"name":"(anonymous_4)","decl":{"start":{"line":47,"column":26},"end":{"line":47,"column":27}},"loc":{"start":{"line":47,"column":68},"end":{"line":59,"column":1}},"line":47},"5":{"name":"(anonymous_5)","decl":{"start":{"line":48,"column":38},"end":{"line":48,"column":39}},"loc":{"start":{"line":48,"column":52},"end":{"line":48,"column":68}},"line":48},"6":{"name":"(anonymous_6)","decl":{"start":{"line":61,"column":35},"end":{"line":61,"column":36}},"loc":{"start":{"line":63,"column":13},"end":{"line":72,"column":1}},"line":63}},"branchMap":{"0":{"loc":{"start":{"line":20,"column":6},"end":{"line":21,"column":52}},"type":"binary-expr","locations":[{"start":{"line":20,"column":6},"end":{"line":20,"column":65}},{"start":{"line":21,"column":6},"end":{"line":21,"column":52}}],"line":20},"1":{"loc":{"start":{"line":28,"column":8},"end":{"line":30,"column":9}},"type":"if","locations":[{"start":{"line":28,"column":8},"end":{"line":30,"column":9}},{"start":{},"end":{}}],"line":28},"2":{"loc":{"start":{"line":35,"column":10},"end":{"line":37,"column":26}},"type":"cond-expr","locations":[{"start":{"line":36,"column":14},"end":{"line":36,"column":59}},{"start":{"line":37,"column":14},"end":{"line":37,"column":26}}],"line":35},"3":{"loc":{"start":{"line":50,"column":2},"end":{"line":52,"column":3}},"type":"if","locations":[{"start":{"line":50,"column":2},"end":{"line":52,"column":3}},{"start":{},"end":{}}],"line":50},"4":{"loc":{"start":{"line":54,"column":2},"end":{"line":56,"column":3}},"type":"if","locations":[{"start":{"line":54,"column":2},"end":{"line":56,"column":3}},{"start":{},"end":{}}],"line":54},"5":{"loc":{"start":{"line":66,"column":20},"end":{"line":66,"column":51}},"type":"cond-expr","locations":[{"start":{"line":66,"column":28},"end":{"line":66,"column":46}},{"start":{"line":66,"column":49},"end":{"line":66,"column":51}}],"line":66}},"s":{"0":2,"1":206,"2":6,"3":200,"4":3,"5":3,"6":3,"7":3,"8":0,"9":3,"10":3,"11":3,"12":3,"13":2,"14":206,"15":406,"16":206,"17":9,"18":197,"19":1,"20":196,"21":2,"22":23,"23":23,"24":23},"f":{"0":206,"1":6,"2":200,"3":3,"4":206,"5":406,"6":23},"b":{"0":[200,36],"1":[0,3],"2":[0,3],"3":[9,197],"4":[1,196],"5":[23,0]},"_coverageSchema":"1a1c01bbd47fc00a2c39e90264f33305004495a9","hash":"09ba99f09deee09789f1f6426f64617a1bdcefc1"}
,"/Users/kalleilv/Desktop/sequelize-find-unique/src/serializeWhere.ts": {"path":"/Users/kalleilv/Desktop/sequelize-find-unique/src/serializeWhere.ts","statementMap":{"0":{"start":{"line":6,"column":19},"end":{"line":22,"column":1}},"1":{"start":{"line":7,"column":2},"end":{"line":9,"column":3}},"2":{"start":{"line":8,"column":4},"end":{"line":8,"column":57}},"3":{"start":{"line":11,"column":18},"end":{"line":11,"column":39}},"4":{"start":{"line":13,"column":2},"end":{"line":19,"column":3}},"5":{"start":{"line":14,"column":4},"end":{"line":18,"column":5}},"6":{"start":{"line":15,"column":6},"end":{"line":17,"column":8}},"7":{"start":{"line":21,"column":2},"end":{"line":21,"column":31}},"8":{"start":{"line":24,"column":23},"end":{"line":28,"column":1}},"9":{"start":{"line":25,"column":16},"end":{"line":25,"column":38}},"10":{"start":{"line":27,"column":2},"end":{"line":27,"column":30}}},"fnMap":{"0":{"name":"(anonymous_0)","decl":{"start":{"line":6,"column":19},"end":{"line":6,"column":20}},"loc":{"start":{"line":6,"column":53},"end":{"line":22,"column":1}},"line":6},"1":{"name":"(anonymous_1)","decl":{"start":{"line":24,"column":23},"end":{"line":24,"column":24}},"loc":{"start":{"line":24,"column":56},"end":{"line":28,"column":1}},"line":24}},"branchMap":{"0":{"loc":{"start":{"line":7,"column":2},"end":{"line":9,"column":3}},"type":"if","locations":[{"start":{"line":7,"column":2},"end":{"line":9,"column":3}},{"start":{},"end":{}}],"line":7},"1":{"loc":{"start":{"line":7,"column":6},"end":{"line":7,"column":49}},"type":"binary-expr","locations":[{"start":{"line":7,"column":6},"end":{"line":7,"column":31}},{"start":{"line":7,"column":35},"end":{"line":7,"column":49}}],"line":7},"2":{"loc":{"start":{"line":14,"column":4},"end":{"line":18,"column":5}},"type":"if","locations":[{"start":{"line":14,"column":4},"end":{"line":18,"column":5}},{"start":{},"end":{}}],"line":14}},"s":{"0":2,"1":20,"2":0,"3":20,"4":20,"5":25,"6":1,"7":19,"8":2,"9":20,"10":19},"f":{"0":20,"1":20},"b":{"0":[0,20],"1":[20,20],"2":[1,24]},"_coverageSchema":"1a1c01bbd47fc00a2c39e90264f33305004495a9","hash":"fd073ac76311a929b0514a9e2facda871d845763"}
,"/Users/kalleilv/Desktop/sequelize-find-unique/src/utils.ts": {"path":"/Users/kalleilv/Desktop/sequelize-find-unique/src/utils.ts","statementMap":{"0":{"start":{"line":5,"column":18},"end":{"line":5,"column":35}},"1":{"start":{"line":7,"column":30},"end":{"line":16,"column":1}},"2":{"start":{"line":11,"column":18},"end":{"line":11,"column":39}},"3":{"start":{"line":13,"column":2},"end":{"line":15,"column":5}},"4":{"start":{"line":14,"column":4},"end":{"line":14,"column":73}},"5":{"start":{"line":14,"column":46},"end":{"line":14,"column":71}},"6":{"start":{"line":18,"column":29},"end":{"line":36,"column":1}},"7":{"start":{"line":21,"column":35},"end":{"line":21,"column":37}},"8":{"start":{"line":23,"column":18},"end":{"line":23,"column":72}},"9":{"start":{"line":23,"column":40},"end":{"line":23,"column":71}},"10":{"start":{"line":25,"column":2},"end":{"line":33,"column":3}},"11":{"start":{"line":26,"column":28},"end":{"line":26,"column":33}},"12":{"start":{"line":28,"column":4},"end":{"line":28,"column":53}},"13":{"start":{"line":30,"column":4},"end":{"line":32,"column":5}},"14":{"start":{"line":31,"column":6},"end":{"line":31,"column":39}},"15":{"start":{"line":35,"column":2},"end":{"line":35,"column":15}},"16":{"start":{"line":38,"column":37},"end":{"line":42,"column":1}},"17":{"start":{"line":41,"column":2},"end":{"line":41,"column":73}},"18":{"start":{"line":44,"column":29},"end":{"line":46,"column":1}},"19":{"start":{"line":45,"column":2},"end":{"line":45,"column":35}},"20":{"start":{"line":48,"column":27},"end":{"line":56,"column":1}},"21":{"start":{"line":49,"column":2},"end":{"line":55,"column":4}}},"fnMap":{"0":{"name":"(anonymous_0)","decl":{"start":{"line":7,"column":30},"end":{"line":7,"column":31}},"loc":{"start":{"line":10,"column":28},"end":{"line":16,"column":1}},"line":10},"1":{"name":"(anonymous_1)","decl":{"start":{"line":13,"column":19},"end":{"line":13,"column":20}},"loc":{"start":{"line":13,"column":28},"end":{"line":15,"column":3}},"line":13},"2":{"name":"(anonymous_2)","decl":{"start":{"line":14,"column":25},"end":{"line":14,"column":26}},"loc":{"start":{"line":14,"column":46},"end":{"line":14,"column":71}},"line":14},"3":{"name":"(anonymous_3)","decl":{"start":{"line":18,"column":29},"end":{"line":18,"column":30}},"loc":{"start":{"line":20,"column":19},"end":{"line":36,"column":1}},"line":20},"4":{"name":"(anonymous_4)","decl":{"start":{"line":23,"column":31},"end":{"line":23,"column":32}},"loc":{"start":{"line":23,"column":40},"end":{"line":23,"column":71}},"line":23},"5":{"name":"(anonymous_5)","decl":{"start":{"line":38,"column":37},"end":{"line":38,"column":38}},"loc":{"start":{"line":40,"column":32},"end":{"line":42,"column":1}},"line":40},"6":{"name":"(anonymous_6)","decl":{"start":{"line":44,"column":29},"end":{"line":44,"column":30}},"loc":{"start":{"line":44,"column":66},"end":{"line":46,"column":1}},"line":44},"7":{"name":"(anonymous_7)","decl":{"start":{"line":48,"column":27},"end":{"line":48,"column":28}},"loc":{"start":{"line":48,"column":67},"end":{"line":56,"column":1}},"line":48}},"branchMap":{"0":{"loc":{"start":{"line":23,"column":55},"end":{"line":23,"column":70}},"type":"binary-expr","locations":[{"start":{"line":23,"column":55},"end":{"line":23,"column":64}},{"start":{"line":23,"column":68},"end":{"line":23,"column":70}}],"line":23},"1":{"loc":{"start":{"line":28,"column":20},"end":{"line":28,"column":52}},"type":"binary-expr","locations":[{"start":{"line":28,"column":20},"end":{"line":28,"column":33}},{"start":{"line":28,"column":37},"end":{"line":28,"column":52}}],"line":28},"2":{"loc":{"start":{"line":30,"column":4},"end":{"line":32,"column":5}},"type":"if","locations":[{"start":{"line":30,"column":4},"end":{"line":32,"column":5}},{"start":{},"end":{}}],"line":30},"3":{"loc":{"start":{"line":41,"column":9},"end":{"line":41,"column":72}},"type":"binary-expr","locations":[{"start":{"line":41,"column":9},"end":{"line":41,"column":36}},{"start":{"line":41,"column":40},"end":{"line":41,"column":72}}],"line":41},"4":{"loc":{"start":{"line":50,"column":4},"end":{"line":54,"column":18}},"type":"binary-expr","locations":[{"start":{"line":50,"column":4},"end":{"line":50,"column":29}},{"start":{"line":51,"column":4},"end":{"line":51,"column":29}},{"start":{"line":52,"column":4},"end":{"line":52,"column":30}},{"start":{"line":53,"column":4},"end":{"line":53,"column":32}},{"start":{"line":54,"column":4},"end":{"line":54,"column":18}}],"line":50}},"s":{"0":3,"1":3,"2":17,"3":17,"4":26,"5":28,"6":3,"7":11,"8":11,"9":18,"10":11,"11":20,"12":20,"13":20,"14":20,"15":11,"16":3,"17":206,"18":3,"19":3,"20":3,"21":25},"f":{"0":17,"1":26,"2":28,"3":11,"4":18,"5":206,"6":3,"7":25},"b":{"0":[18,0],"1":[20,12],"2":[20,0],"3":[206,7],"4":[25,2,1,1,1]},"_coverageSchema":"1a1c01bbd47fc00a2c39e90264f33305004495a9","hash":"646c2cec04b22a48eecea4e8633c2b7d7d8ab4dc"}
,"/Users/kalleilv/Desktop/sequelize-find-unique/src/tests/models.ts": {"path":"/Users/kalleilv/Desktop/sequelize-find-unique/src/tests/models.ts","statementMap":{"0":{"start":{"line":13,"column":25},"end":{"line":13,"column":57}},"1":{"start":{"line":27,"column":0},"end":{"line":33,"column":2}},"2":{"start":{"line":44,"column":0},"end":{"line":51,"column":2}},"3":{"start":{"line":62,"column":0},"end":{"line":78,"column":2}},"4":{"start":{"line":80,"column":0},"end":{"line":83,"column":3}},"5":{"start":{"line":85,"column":0},"end":{"line":85,"column":62}}},"fnMap":{},"branchMap":{},"s":{"0":2,"1":2,"2":2,"3":2,"4":2,"5":2},"f":{},"b":{},"_coverageSchema":"1a1c01bbd47fc00a2c39e90264f33305004495a9","hash":"bff9d13e9a55f397ef12e299a7b6a2b9773b6ddc"}
}
