TN:
SF:src/dataLoaderManager.ts
FN:35,(anonymous_0)
FN:43,(anonymous_1)
FN:46,(anonymous_2)
FN:62,(anonymous_3)
FNF:4
FNH:4
FNDA:9,(anonymous_0)
FNDA:18,(anonymous_1)
FNDA:18,(anonymous_2)
FNDA:18,(anonymous_3)
DA:39,9
DA:40,9
DA:43,9
DA:44,18
DA:47,18
DA:49,18
DA:51,18
DA:52,7
DA:55,11
DA:60,11
DA:62,11
DA:63,18
DA:64,18
DA:66,17
DA:68,18
DA:72,11
DA:74,11
LF:17
LH:17
BRDA:40,0,0,9
BRDA:40,0,1,6
BRDA:51,1,0,7
BRDA:51,1,1,11
BRF:4
BRH:4
end_of_record
TN:
SF:src/makeFindUnique.ts
FN:11,(anonymous_0)
FN:20,(anonymous_1)
FN:27,(anonymous_2)
FN:40,(anonymous_3)
FN:49,(anonymous_4)
FNF:5
FNH:5
FNDA:4,(anonymous_0)
FNDA:9,(anonymous_1)
FNDA:11,(anonymous_2)
FNDA:17,(anonymous_3)
FNDA:18,(anonymous_4)
DA:11,1
DA:12,4
DA:20,1
DA:24,9
DA:25,9
DA:27,9
DA:28,11
DA:30,11
DA:32,11
DA:34,11
DA:40,10
DA:41,17
DA:45,9
DA:49,9
DA:52,18
DA:54,18
DA:57,9
LF:17
LH:17
BRDA:24,0,0,9
BRDA:24,0,1,4
BRDA:41,1,0,17
BRDA:41,1,1,0
BRDA:41,2,0,17
BRDA:41,2,1,0
BRF:6
BRH:4
end_of_record
TN:
SF:src/serializeFindUniqueOptions.ts
FN:14,(anonymous_0)
FN:15,(anonymous_1)
FN:19,(anonymous_2)
FN:22,(anonymous_3)
FN:47,(anonymous_4)
FN:48,(anonymous_5)
FN:61,(anonymous_6)
FNF:7
FNH:7
FNDA:206,(anonymous_0)
FNDA:6,(anonymous_1)
FNDA:200,(anonymous_2)
FNDA:3,(anonymous_3)
FNDA:206,(anonymous_4)
FNDA:406,(anonymous_5)
FNDA:23,(anonymous_6)
DA:12,2
DA:14,206
DA:16,6
DA:20,200
DA:23,3
DA:25,3
DA:27,3
DA:28,3
DA:29,0
DA:32,3
DA:35,3
DA:39,3
DA:42,3
DA:47,2
DA:48,406
DA:50,206
DA:51,9
DA:54,197
DA:55,1
DA:58,196
DA:61,2
DA:64,23
DA:66,23
DA:68,23
LF:24
LH:23
BRDA:20,0,0,200
BRDA:20,0,1,36
BRDA:28,1,0,0
BRDA:28,1,1,3
BRDA:35,2,0,0
BRDA:35,2,1,3
BRDA:50,3,0,9
BRDA:50,3,1,197
BRDA:54,4,0,1
BRDA:54,4,1,196
BRDA:66,5,0,23
BRDA:66,5,1,0
BRF:12
BRH:9
end_of_record
TN:
SF:src/serializeWhere.ts
FN:6,(anonymous_0)
FN:24,(anonymous_1)
FNF:2
FNH:2
FNDA:20,(anonymous_0)
FNDA:20,(anonymous_1)
DA:6,2
DA:7,20
DA:8,0
DA:11,20
DA:13,20
DA:14,25
DA:15,1
DA:21,19
DA:24,2
DA:25,20
DA:27,19
LF:11
LH:10
BRDA:7,0,0,0
BRDA:7,0,1,20
BRDA:7,1,0,20
BRDA:7,1,1,20
BRDA:14,2,0,1
BRDA:14,2,1,24
BRF:6
BRH:5
end_of_record
TN:
SF:src/utils.ts
FN:7,(anonymous_0)
FN:13,(anonymous_1)
FN:14,(anonymous_2)
FN:18,(anonymous_3)
FN:23,(anonymous_4)
FN:38,(anonymous_5)
FN:44,(anonymous_6)
FN:48,(anonymous_7)
FNF:8
FNH:8
FNDA:17,(anonymous_0)
FNDA:26,(anonymous_1)
FNDA:28,(anonymous_2)
FNDA:11,(anonymous_3)
FNDA:18,(anonymous_4)
FNDA:206,(anonymous_5)
FNDA:3,(anonymous_6)
FNDA:25,(anonymous_7)
DA:5,3
DA:7,3
DA:11,17
DA:13,17
DA:14,28
DA:18,3
DA:21,11
DA:23,18
DA:25,11
DA:26,20
DA:28,20
DA:30,20
DA:31,20
DA:35,11
DA:38,3
DA:41,206
DA:44,3
DA:45,3
DA:48,3
DA:49,25
LF:20
LH:20
BRDA:23,0,0,18
BRDA:23,0,1,0
BRDA:28,1,0,20
BRDA:28,1,1,12
BRDA:30,2,0,20
BRDA:30,2,1,0
BRDA:41,3,0,206
BRDA:41,3,1,7
BRDA:50,4,0,25
BRDA:50,4,1,2
BRDA:50,4,2,1
BRDA:50,4,3,1
BRDA:50,4,4,1
BRF:13
BRH:11
end_of_record
TN:
SF:src/tests/models.ts
FNF:0
FNH:0
DA:13,2
DA:27,2
DA:44,2
DA:62,2
DA:80,2
DA:85,2
LF:6
LH:6
BRF:0
BRH:0
end_of_record
